Installing Packages

Please wait a moment while I gather a list of all available modules...

C:\Users\mcdougalls\AppData\Local\Programs\Python\Python38-32\lib\site-packages\pipenv\vendor\requests\__init__.py:89: RequestsDependencyWarning: urllib3 (1.25.8) or chardet (3.0.4) doesn't match a supported version!
  warnings.warn("urllib3 ({}) or chardet ({}) doesn't match a supported "
PyInstaller         binascii            formatter           pyls_jsonrpc
PyQt5               binhex              fractions           pyparsing
PySimpleGUI         bisect              ftplib              pytz
__future__          brain_argparse      functools           queue
_abc                brain_attrs         future              quopri
_ast                brain_boto3         fuzzywuzzy          random
_asyncio            brain_builtin_inference gc                  re
_bisect             brain_collections   genericpath         reprlib
_blake2             brain_crypt         getopt              requests
_bootlocale         brain_curses        getpass             rlcompleter
_bz2                brain_dataclasses   gettext             rope
_codecs             brain_dateutil      glob                run
_codecs_cn          brain_fstrings      gzip                runpy
_codecs_hk          brain_functools     hashlib             sched
_codecs_iso2022     brain_gi            heapq               secrets
_codecs_jp          brain_hashlib       hmac                select
_codecs_kr          brain_http          html                selectors
_codecs_tw          brain_io            http                setuptools
_collections        brain_mechanize     idlelib             shelve
_collections_abc    brain_multiprocessing idna                shlex
_compat_pickle      brain_namedtuple_enum imaplib             shutil
_compression        brain_nose          imghdr              signal
_contextvars        brain_numpy_core_fromnumeric imp                 site
_csv                brain_numpy_core_function_base importlib           six
_ctypes             brain_numpy_core_multiarray inspect             smtpd
_ctypes_test        brain_numpy_core_numeric io                  smtplib
_datetime           brain_numpy_core_numerictypes ipaddress           sndhdr
_decimal            brain_numpy_core_umath isort               snowballstemmer
_dummy_thread       brain_numpy_ndarray itertools           socket
_elementtree        brain_numpy_random_mtrand jedi                socketserver
_functools          brain_numpy_utils   json                soupsieve
_hashlib            brain_pkg_resources keyword             spotify
_heapq              brain_pytest        kiwisolver          spotipy
_imp                brain_qt            lazy_object_proxy   sqlite3
_io                 brain_random        lib2to3             sre_compile
_json               brain_re            libfuturize         sre_constants
_locale             brain_responses     libpasteurize       sre_parse
_lsprof             brain_scipy_signal  linecache           ssl
_lzma               brain_six           locale              stat
_markupbase         brain_ssl           logging             statistics
_md5                brain_subprocess    lxml                string
_msi                brain_threading     lzma                stringprep
_multibytecodec     brain_typing        macholib            struct
_multiprocessing    brain_uuid          mailbox             subprocess
_opcode             bs4                 mailcap             sunau
_operator           builtins            marshal             symbol
_osx_support        bz2                 math                symtable
_overlapped         cProfile            matplotlib          sys
_pickle             calendar            mccabe              sysconfig
_py_abc             certifi             mimetypes           tabnanny
_pydecimal          cgi                 mmap                tarfile
_pyio               cgitb               modulefinder        telnetlib
_queue              chardet             msilib              tempfile
_random             chunk               msvcrt              test
_sha1               clonevirtualenv     multiprocessing     textwrap
_sha256             cmath               netrc               this
_sha3               cmd                 nntplib             threading
_sha512             code                nose                time
_signal             codecs              nt                  timeit
_sitebuiltins       codeop              ntpath              tkinter
_socket             collections         nturl2path          token
_sqlite3            colorama            numbers             tokenize
_sre                colorsys            numpy               toml
_ssl                compileall          opcode              trace
_stat               concurrent          operator            traceback
_statistics         configparser        optparse            tracemalloc
_string             contextlib          ordlookup           tty
_strptime           contextvars         os                  turtle
_struct             copy                pandas              turtledemo
_symtable           copyreg             parser              types
_testbuffer         crypt               parso               typing
_testcapi           csv                 past                unicodedata
_testconsole        ctypes              pathlib             unittest
_testimportmultiple curses              pdb                 urllib
_testmultiphase     cycler              pefile              urllib3
_thread             dataclasses         peutils             uu
_threading_local    datetime            pickle              uuid
_tkinter            dateutil            pickletools         venv
_tracemalloc        dbm                 pip                 virtualenv
_warnings           decimal             pipenv              warnings
_weakref            demjson             pipes               wave
_weakrefset         difflib             pkg_resources       weakref
_winapi             dis                 pkgutil             webbrowser
_xxsubinterpreters  distlib             platform            wget
abc                 distutils           plistlib            win32ctypes
aifc                doctest             pluggy              winreg
altgraph            dotenv              poplib              winsound
antigravity         dummy_threading     posixpath           wrapt
appdirs             easy_install        pprint              wsgiref
argparse            email               profile             xdrlib
array               encodings           pstats              xlrd
ast                 ensurepip           pty                 xml
astroid             entrypoints         py_compile          xmlrpc
asynchat            enum                pyclbr              xmltodict
asyncio             errno               pycodestyle         xxsubtype
asyncore            faulthandler        pydoc               yapf
atexit              fbs                 pydoc_data          yapftests
audioop             fbs_runtime         pydocstyle          zipapp
autopep8            filecmp             pyexpat             zipfile
base64              fileinput           pyflakes            zipimport
bdb                 filelock            pylab               zlib
beatsaver           flake8              pylint              
beatsaverspotify    fnmatch             pyls                

Enter any module name to get more help.  Or, type "modules spam" to search
for modules whose name or summary contain the string "spam".

None
Command '['C:\\Users\\mcdougalls\\AppData\\Local\\Programs\\Python\\Python38-32\\python.exe', '-m', 'pip', 'install', 'zipfile']' returned non-zero exit status 1.
ERROR: Could not get required packages
Installed Available Packages
Connecting to Spotify
Incorrect Usage. Please enter variables alongside command
Traceback (most recent call last):
  File "c:\Users\mcdougalls\OneDrive - Wesley College\Documents\BeatSaberSpotify\BeatSaberSpotify\python\run.py", line 4, in <module>
    import beatsaverspotify as bs
  File "c:\Users\mcdougalls\OneDrive - Wesley College\Documents\BeatSaberSpotify\BeatSaberSpotify\python\beatsaverspotify.py", line 2, in <module>
    import spotify as sp
  File "c:\Users\mcdougalls\OneDrive - Wesley College\Documents\BeatSaberSpotify\BeatSaberSpotify\python\spotify.py", line 21, in <module>
    os.environ['SPOTIPY-CLIENT-ID'] = client_id
  File "C:\Users\mcdougalls\AppData\Local\Programs\Python\Python38-32\lib\os.py", line 680, in __setitem__
    value = self.encodevalue(value)
  File "C:\Users\mcdougalls\AppData\Local\Programs\Python\Python38-32\lib\os.py", line 736, in check_str
    raise TypeError("str expected, not %s" % type(value).__name__)
TypeError: str expected, not NoneType
Traceback (most recent call last):
  File "c:\Users\mcdougalls\OneDrive - Wesley College\Documents\BeatSaberSpotify\BeatSaberSpotify\python\spotify.py", line 22, in <module>
    os.environ['SPOTIPY-CLIENT-ID'] = client_id
  File "C:\Users\mcdougalls\AppData\Local\Programs\Python\Python38-32\lib\os.py", line 680, in __setitem__
    value = self.encodevalue(value)
  File "C:\Users\mcdougalls\AppData\Local\Programs\Python\Python38-32\lib\os.py", line 736, in check_str
    raise TypeError("str expected, not %s" % type(value).__name__)
TypeError: str expected, not NoneType
Traceback (most recent call last):
  File "c:\Users\mcdougalls\OneDrive - Wesley College\Documents\BeatSaberSpotify\BeatSaberSpotify\python\beatsaverspotify.py", line 2, in <module>
    import spotify as sp
  File "c:\Users\mcdougalls\OneDrive - Wesley College\Documents\BeatSaberSpotify\BeatSaberSpotify\python\spotify.py", line 22, in <module>
    os.environ['SPOTIPY-CLIENT-ID'] = client_id
  File "C:\Users\mcdougalls\AppData\Local\Programs\Python\Python38-32\lib\os.py", line 680, in __setitem__
    value = self.encodevalue(value)
  File "C:\Users\mcdougalls\AppData\Local\Programs\Python\Python38-32\lib\os.py", line 736, in check_str
    raise TypeError("str expected, not %s" % type(value).__name__)
TypeError: str expected, not NoneType
